Current: active threads / max count: 1 / 1
Request: /family/%7Btest_id%7D
Current: active threads / max count: 1 / 1
Request: /
Sending: {"start_family_id": 5002824295}
Current: active threads / max count: 1 / 1
Request: /start/6
Creating family tree with 6 generations...
Number of people  : 253
Number of families: 45
Sending: {"status":"OK"}
Current: active threads / max count: 1 / 1
Request: /family/5002378081
Current: active threads / max count: 1 / 1
Request: /end
################################################################################
Total number of people  : 253
Total number of families: 45
Number of generations   : 6
Families were requested in this order:
0
Total number of API calls: 3
Final thread count (max count): 1
################################################################################
Sending: {"status":"OK"}
Current: active threads / max count: 1 / 1
Request: /start/6
Creating family tree with 6 generations...
Number of people  : 264
Number of families: 47
Sending: {"status":"OK"}
Current: active threads / max count: 1 / 1
Request: /end
################################################################################
Total number of people  : 264
Total number of families: 47
Number of generations   : 6
Families were requested in this order:

Total number of API calls: 2
Final thread count (max count): 1
################################################################################
Sending: {"status":"OK"}
Current: active threads / max count: 1 / 1
Request: /start/6
Creating family tree with 6 generations...
Number of people  : 176
Number of families: 27
Sending: {"status":"OK"}
Current: active threads / max count: 1 / 1
Request: /end
################################################################################
Total number of people  : 176
Total number of families: 27
Number of generations   : 6
Families were requested in this order:

Total number of API calls: 2
Final thread count (max count): 1
################################################################################
Sending: {"status":"OK"}
Current: active threads / max count: 1 / 1
Request: /
Sending: {"start_family_id": 5002824295}
Current: active threads / max count: 1 / 1
Request: /start/6
Creating family tree with 6 generations...
Number of people  : 157
Number of families: 28
Sending: {"status":"OK"}
Current: active threads / max count: 1 / 1
Request: /family/5002824295
Sending: {"id": 5002824295, "husband_id": 5002824295, "wife_id": 5006436277, "children": [5010309315, 5013928977, 5017803183, 5021414141, 5025279499, 5028891481]}
Current: active threads / max count: 1 / 1
Request: /end
################################################################################
Total number of people  : 157
Total number of families: 28
Number of generations   : 6
Families were requested in this order:
1
Total number of API calls: 3
Final thread count (max count): 1
################################################################################
Sending: {"status":"OK"}
Current: active threads / max count: 1 / 1
Request: /start/6
Creating family tree with 6 generations...
Number of people  : 278
Number of families: 48
Sending: {"status":"OK"}
Current: active threads / max count: 1 / 1
Request: /end
################################################################################
Total number of people  : 278
Total number of families: 48
Number of generations   : 6
Families were requested in this order:

Total number of API calls: 2
Final thread count (max count): 1
################################################################################
Sending: {"status":"OK"}
Current: active threads / max count: 1 / 1
Request: /start/6
Creating family tree with 6 generations...
Number of people  : 209
Number of families: 38
Sending: {"status":"OK"}
Current: active threads / max count: 1 / 1
Request: /end
################################################################################
Total number of people  : 209
Total number of families: 38
Number of generations   : 6
Families were requested in this order:

Total number of API calls: 2
Final thread count (max count): 1
################################################################################
Sending: {"status":"OK"}
Current: active threads / max count: 1 / 1
Request: /family/5002824295
Sending: {"id": 5002824295, "husband_id": 5002824295, "wife_id": 5006436277, "children": [5010309315, 5013928977]}
